[36mINFO[0m[2022-05-18T16:35:11+03:00]app.go:15 auth/internal/app.Run() Initializing config...                       
[36mINFO[0m[2022-05-18T16:35:11+03:00]app.go:21 auth/internal/app.Run() Connecting to database via database/sqlite3/data/db.sqlite?_auth&_auth_user=admin&_auth_pass=admin 
[36mINFO[0m[2022-05-18T16:35:11+03:00]app.go:28 auth/internal/app.Run() Initializing postgres composites...          
[36mINFO[0m[2022-05-18T16:35:11+03:00]app.go:32 auth/internal/app.Run() Initializing httprouter...                   
[36mINFO[0m[2022-05-18T16:35:11+03:00]app.go:36 auth/internal/app.Run() Initializing server...                       
[36mINFO[0m[2022-05-18T16:35:11+03:00]server.go:23 auth/internal/app.(*Server).Start() Server starts at 0.0.0.0:1111                
[31mERRO[0m[2022-05-18T16:42:32+03:00]authHandler.go:187 auth/internal/handlers/http.(*authHandler).Registration() Error occured while validation data          
[36mINFO[0m[2022-05-18T16:42:37+03:00]userStorage.go:110 auth/internal/store/sqllite.(*userStorage).Create() %v5                                          
[31mERRO[0m[2022-05-18T16:43:17+03:00]token.go:113 auth/pkg/jwt.VerifyToken() error occured while verify token. err: %!w(*jwt.ValidationError=&{<nil> 1 token contains an invalid number of segments}) 
[31mERRO[0m[2022-05-18T16:43:17+03:00]token.go:137 auth/pkg/jwt.ExtractTokenMetadata() you are unauthorized. err: %!w(*jwt.ValidationError=&{<nil> 1 token contains an invalid number of segments}) 
[31mERRO[0m[2022-05-18T16:43:17+03:00]authHandler.go:141 auth/internal/handlers/http.(*authHandler).IsLoggedIn() you are unauthorized                         
[31mERRO[0m[2022-05-18T16:43:21+03:00]token.go:113 auth/pkg/jwt.VerifyToken() error occured while verify token. err: %!w(*jwt.ValidationError=&{0xc0001b8100 16 }) 
[31mERRO[0m[2022-05-18T16:43:21+03:00]token.go:137 auth/pkg/jwt.ExtractTokenMetadata() you are unauthorized. err: %!w(*jwt.ValidationError=&{0xc0001b8100 16 }) 
[31mERRO[0m[2022-05-18T16:43:21+03:00]authHandler.go:141 auth/internal/handlers/http.(*authHandler).IsLoggedIn() you are unauthorized                         
[31mERRO[0m[2022-05-18T16:43:51+03:00]userStorage.go:31 auth/internal/store/sqllite.(*userStorage).GetByUsername() error occurred while selecting users from DB. err: sql: no rows in result set 
[31mERRO[0m[2022-05-18T16:44:06+03:00]authHandler.go:70 auth/internal/handlers/http.(*authHandler).Login() Error occured while chacking password        
[36mINFO[0m[2022-05-18T16:56:56+03:00]app.go:15 auth/internal/app.Run() Initializing config...                       
[36mINFO[0m[2022-05-18T16:56:56+03:00]app.go:21 auth/internal/app.Run() Connecting to database via database/sqlite3/data/db.sqlite?_auth&_auth_user=admin&_auth_pass=admin 
[36mINFO[0m[2022-05-18T16:56:56+03:00]app.go:28 auth/internal/app.Run() Initializing postgres composites...          
[36mINFO[0m[2022-05-18T16:56:56+03:00]app.go:32 auth/internal/app.Run() Initializing httprouter...                   
[36mINFO[0m[2022-05-18T16:56:56+03:00]app.go:36 auth/internal/app.Run() Initializing server...                       
[36mINFO[0m[2022-05-18T16:56:56+03:00]server.go:23 auth/internal/app.(*Server).Start() Server starts at 0.0.0.0:1111                
[31mERRO[0m[2022-05-18T16:57:08+03:00]token.go:113 auth/pkg/jwt.VerifyToken() error occured while verify token. err: %!w(*jwt.ValidationError=&{0xc0000a2430 16 }) 
[31mERRO[0m[2022-05-18T16:57:08+03:00]token.go:137 auth/pkg/jwt.ExtractTokenMetadata() you are unauthorized. err: %!w(*jwt.ValidationError=&{0xc0000a2430 16 }) 
[31mERRO[0m[2022-05-18T16:57:08+03:00]authHandler.go:142 auth/internal/handlers/http.(*authHandler).IsLoggedIn() you are unauthorized                         
[31mERRO[0m[2022-05-18T16:57:13+03:00]authHandler.go:70 auth/internal/handlers/http.(*authHandler).Login() Error occured while checking password        
[31mERRO[0m[2022-05-18T16:57:24+03:00]userStorage.go:93 auth/internal/store/sqllite.(*userStorage).Create() username already exist                       
[31mERRO[0m[2022-05-18T16:57:35+03:00]authHandler.go:70 auth/internal/handlers/http.(*authHandler).Login() Error occured while checking password        
[36mINFO[0m[2022-05-18T16:57:41+03:00]userStorage.go:110 auth/internal/store/sqllite.(*userStorage).Create() %v6                                          
[31mERRO[0m[2022-05-18T16:57:53+03:00]token.go:113 auth/pkg/jwt.VerifyToken() error occured while verify token. err: %!w(*jwt.ValidationError=&{0xc0001843d0 16 }) 
[31mERRO[0m[2022-05-18T16:57:53+03:00]token.go:137 auth/pkg/jwt.ExtractTokenMetadata() you are unauthorized. err: %!w(*jwt.ValidationError=&{0xc0001843d0 16 }) 
[31mERRO[0m[2022-05-18T16:57:53+03:00]authHandler.go:128 auth/internal/handlers/http.(*authHandler).GetUser() you are unauthorized                         
