[36mINFO[0m[2022-05-13T15:18:36+03:00]app.go:13 auth/internal/app.Run() Initializing config...                       
[36mINFO[0m[2022-05-13T15:18:36+03:00]app.go:18 auth/internal/app.Run() Initializing postgres composites...          
[36mINFO[0m[2022-05-13T15:18:36+03:00]app.go:22 auth/internal/app.Run() Initializing httprouter...                   
[36mINFO[0m[2022-05-13T15:22:35+03:00]app.go:13 auth/internal/app.Run() Initializing config...                       
[36mINFO[0m[2022-05-13T15:22:35+03:00]app.go:18 auth/internal/app.Run() Initializing postgres composites...          
[36mINFO[0m[2022-05-13T15:22:35+03:00]app.go:22 auth/internal/app.Run() Initializing httprouter...                   
[36mINFO[0m[2022-05-13T15:22:35+03:00]app.go:26 auth/internal/app.Run() Initializing server...                       
[36mINFO[0m[2022-05-13T15:22:35+03:00]server.go:23 auth/internal/app.(*Server).Start() Server starts at :0                          
[36mINFO[0m[2022-05-13T15:26:01+03:00]app.go:13 auth/internal/app.Run() Initializing config...                       
[36mINFO[0m[2022-05-13T15:26:01+03:00]app.go:18 auth/internal/app.Run() Initializing postgres composites...          
[36mINFO[0m[2022-05-13T15:26:01+03:00]app.go:22 auth/internal/app.Run() Initializing httprouter...                   
[36mINFO[0m[2022-05-13T15:26:01+03:00]app.go:26 auth/internal/app.Run() Initializing server...                       
[36mINFO[0m[2022-05-13T15:26:01+03:00]server.go:23 auth/internal/app.(*Server).Start() Server starts at :0                          
[36mINFO[0m[2022-05-13T15:26:50+03:00]app.go:13 auth/internal/app.Run() Initializing config...                       
[36mINFO[0m[2022-05-13T15:26:50+03:00]app.go:18 auth/internal/app.Run() Initializing postgres composites...          
[36mINFO[0m[2022-05-13T15:26:50+03:00]app.go:22 auth/internal/app.Run() Initializing httprouter...                   
[36mINFO[0m[2022-05-13T15:26:50+03:00]app.go:26 auth/internal/app.Run() Initializing server...                       
[36mINFO[0m[2022-05-13T15:26:50+03:00]server.go:23 auth/internal/app.(*Server).Start() Server starts at :0                          
[36mINFO[0m[2022-05-13T15:27:01+03:00]app.go:13 auth/internal/app.Run() Initializing config...                       
[36mINFO[0m[2022-05-13T15:27:01+03:00]app.go:18 auth/internal/app.Run() Initializing postgres composites...          
[36mINFO[0m[2022-05-13T15:27:01+03:00]app.go:22 auth/internal/app.Run() Initializing httprouter...                   
[36mINFO[0m[2022-05-13T15:27:01+03:00]app.go:26 auth/internal/app.Run() Initializing server...                       
[36mINFO[0m[2022-05-13T15:27:01+03:00]server.go:23 auth/internal/app.(*Server).Start() Server starts at :0                          
[36mINFO[0m[2022-05-13T15:29:47+03:00]app.go:13 auth/internal/app.Run() Initializing config...                       
[36mINFO[0m[2022-05-13T15:29:47+03:00]app.go:15 auth/internal/app.Run() Initializing config...{{ 0}}                 
[36mINFO[0m[2022-05-13T15:29:47+03:00]app.go:21 auth/internal/app.Run() Initializing postgres composites...          
[36mINFO[0m[2022-05-13T15:29:47+03:00]app.go:25 auth/internal/app.Run() Initializing httprouter...                   
[36mINFO[0m[2022-05-13T15:29:47+03:00]app.go:29 auth/internal/app.Run() Initializing server...                       
[36mINFO[0m[2022-05-13T15:29:47+03:00]server.go:23 auth/internal/app.(*Server).Start() Server starts at :0                          
[36mINFO[0m[2022-05-13T15:30:02+03:00]app.go:13 auth/internal/app.Run() Initializing config...                       
[36mINFO[0m[2022-05-13T15:30:02+03:00]app.go:15 auth/internal/app.Run() Initializing config...{ 0}                   
[36mINFO[0m[2022-05-13T15:30:02+03:00]app.go:21 auth/internal/app.Run() Initializing postgres composites...          
[36mINFO[0m[2022-05-13T15:30:02+03:00]app.go:25 auth/internal/app.Run() Initializing httprouter...                   
[36mINFO[0m[2022-05-13T15:30:02+03:00]app.go:29 auth/internal/app.Run() Initializing server...                       
[36mINFO[0m[2022-05-13T15:30:02+03:00]server.go:23 auth/internal/app.(*Server).Start() Server starts at :0                          
[36mINFO[0m[2022-05-13T15:30:13+03:00]app.go:13 auth/internal/app.Run() Initializing config...                       
[36mINFO[0m[2022-05-13T15:30:13+03:00]app.go:15 auth/internal/app.Run() Initializing config...                       
[36mINFO[0m[2022-05-13T15:30:13+03:00]app.go:21 auth/internal/app.Run() Initializing postgres composites...          
[36mINFO[0m[2022-05-13T15:30:13+03:00]app.go:25 auth/internal/app.Run() Initializing httprouter...                   
[36mINFO[0m[2022-05-13T15:30:13+03:00]app.go:29 auth/internal/app.Run() Initializing server...                       
[36mINFO[0m[2022-05-13T15:30:13+03:00]server.go:23 auth/internal/app.(*Server).Start() Server starts at :0                          
[36mINFO[0m[2022-05-13T15:34:03+03:00]app.go:13 auth/internal/app.Run() Initializing config...                       
[36mINFO[0m[2022-05-13T15:34:03+03:00]app.go:15 auth/internal/app.Run() Initializing config...                       
[36mINFO[0m[2022-05-13T15:34:03+03:00]app.go:21 auth/internal/app.Run() Initializing postgres composites...          
[36mINFO[0m[2022-05-13T15:34:03+03:00]app.go:25 auth/internal/app.Run() Initializing httprouter...                   
[36mINFO[0m[2022-05-13T15:34:03+03:00]app.go:29 auth/internal/app.Run() Initializing server...                       
[36mINFO[0m[2022-05-13T15:34:03+03:00]server.go:23 auth/internal/app.(*Server).Start() Server starts at :0                          
[36mINFO[0m[2022-05-13T15:34:28+03:00]app.go:13 auth/internal/app.Run() Initializing config...                       
[36mINFO[0m[2022-05-13T15:34:28+03:00]app.go:15 auth/internal/app.Run() Initializing config...                       
[36mINFO[0m[2022-05-13T15:34:28+03:00]app.go:21 auth/internal/app.Run() Initializing postgres composites...          
[36mINFO[0m[2022-05-13T15:34:28+03:00]app.go:25 auth/internal/app.Run() Initializing httprouter...                   
[36mINFO[0m[2022-05-13T15:34:28+03:00]app.go:29 auth/internal/app.Run() Initializing server...                       
[36mINFO[0m[2022-05-13T15:34:28+03:00]server.go:23 auth/internal/app.(*Server).Start() Server starts at :0                          
[36mINFO[0m[2022-05-13T15:34:47+03:00]app.go:13 auth/internal/app.Run() Initializing config...                       
[36mINFO[0m[2022-05-13T15:34:47+03:00]app.go:15 auth/internal/app.Run() Initializing config...                       
[36mINFO[0m[2022-05-13T15:34:47+03:00]app.go:21 auth/internal/app.Run() Initializing postgres composites...          
[36mINFO[0m[2022-05-13T15:34:47+03:00]app.go:25 auth/internal/app.Run() Initializing httprouter...                   
[36mINFO[0m[2022-05-13T15:34:47+03:00]app.go:29 auth/internal/app.Run() Initializing server...                       
[36mINFO[0m[2022-05-13T15:34:47+03:00]server.go:23 auth/internal/app.(*Server).Start() Server starts at 0.0.0.0:1111                
[36mINFO[0m[2022-05-13T15:37:25+03:00]app.go:13 auth/internal/app.Run() Initializing config...                       
[36mINFO[0m[2022-05-13T15:37:25+03:00]app.go:20 auth/internal/app.Run() Initializing postgres composites...          
[36mINFO[0m[2022-05-13T15:37:25+03:00]app.go:24 auth/internal/app.Run() Initializing httprouter...                   
[36mINFO[0m[2022-05-13T15:37:25+03:00]app.go:28 auth/internal/app.Run() Initializing server...                       
[36mINFO[0m[2022-05-13T15:37:25+03:00]server.go:23 auth/internal/app.(*Server).Start() Server starts at 0.0.0.0:1111                
[36mINFO[0m[2022-05-16T11:18:43+03:00]app.go:13 auth/internal/app.Run() Initializing config...                       
[36mINFO[0m[2022-05-16T11:18:43+03:00]app.go:20 auth/internal/app.Run() Initializing postgres composites...          
[36mINFO[0m[2022-05-16T11:18:43+03:00]app.go:24 auth/internal/app.Run() Initializing httprouter...                   
[36mINFO[0m[2022-05-16T11:18:43+03:00]app.go:28 auth/internal/app.Run() Initializing server...                       
[36mINFO[0m[2022-05-16T11:18:43+03:00]server.go:23 auth/internal/app.(*Server).Start() Server starts at 0.0.0.0:1111                
[36mINFO[0m[2022-05-16T12:02:29+03:00]app.go:13 auth/internal/app.Run() Initializing config...                       
[36mINFO[0m[2022-05-16T12:02:29+03:00]app.go:20 auth/internal/app.Run() Initializing postgres composites...          
[36mINFO[0m[2022-05-16T12:02:29+03:00]app.go:24 auth/internal/app.Run() Initializing httprouter...                   
[36mINFO[0m[2022-05-16T12:02:29+03:00]app.go:28 auth/internal/app.Run() Initializing server...                       
[36mINFO[0m[2022-05-16T12:02:29+03:00]server.go:23 auth/internal/app.(*Server).Start() Server starts at 0.0.0.0:1111                
[31mERRO[0m[2022-05-16T12:03:18+03:00]token.go:134 auth/pkg/jwt.ExtractTokenMetadata() you are unauthorized. err: %!w(*jwt.ValidationError=&{<nil> 1 token contains an invalid number of segments}) 
[31mERRO[0m[2022-05-16T12:03:22+03:00]token.go:134 auth/pkg/jwt.ExtractTokenMetadata() you are unauthorized. err: %!w(*jwt.ValidationError=&{<nil> 1 token contains an invalid number of segments}) 
[31mERRO[0m[2022-05-16T12:03:54+03:00]token.go:134 auth/pkg/jwt.ExtractTokenMetadata() you are unauthorized. err: %!w(*jwt.ValidationError=&{<nil> 1 token contains an invalid number of segments}) 
[31mERRO[0m[2022-05-16T12:04:01+03:00]token.go:134 auth/pkg/jwt.ExtractTokenMetadata() you are unauthorized. err: %!w(*jwt.ValidationError=&{<nil> 1 token contains an invalid number of segments}) 
[31mERRO[0m[2022-05-16T12:04:48+03:00]token.go:134 auth/pkg/jwt.ExtractTokenMetadata() you are unauthorized. err: %!w(*jwt.ValidationError=&{<nil> 1 token contains an invalid number of segments}) 
[31mERRO[0m[2022-05-16T12:05:02+03:00]token.go:134 auth/pkg/jwt.ExtractTokenMetadata() you are unauthorized. err: %!w(*jwt.ValidationError=&{<nil> 1 token contains an invalid number of segments}) 
[31mERRO[0m[2022-05-16T13:22:54+03:00]token.go:134 auth/pkg/jwt.ExtractTokenMetadata() you are unauthorized. err: %!w(*jwt.ValidationError=&{<nil> 1 token contains an invalid number of segments}) 
[31mERRO[0m[2022-05-16T13:23:22+03:00]token.go:134 auth/pkg/jwt.ExtractTokenMetadata() you are unauthorized. err: %!w(*jwt.ValidationError=&{<nil> 1 token contains an invalid number of segments}) 
[31mERRO[0m[2022-05-16T13:40:38+03:00]token.go:134 auth/pkg/jwt.ExtractTokenMetadata() you are unauthorized. err: %!w(*jwt.ValidationError=&{<nil> 1 token contains an invalid number of segments}) 
[31mERRO[0m[2022-05-16T13:40:39+03:00]token.go:134 auth/pkg/jwt.ExtractTokenMetadata() you are unauthorized. err: %!w(*jwt.ValidationError=&{<nil> 1 token contains an invalid number of segments}) 
[31mERRO[0m[2022-05-16T13:52:34+03:00]token.go:134 auth/pkg/jwt.ExtractTokenMetadata() you are unauthorized. err: %!w(*jwt.ValidationError=&{41 4 }) 
[36mINFO[0m[2022-05-16T13:55:08+03:00]app.go:13 auth/internal/app.Run() Initializing config...                       
[36mINFO[0m[2022-05-16T13:55:08+03:00]app.go:20 auth/internal/app.Run() Initializing postgres composites...          
[36mINFO[0m[2022-05-16T13:55:08+03:00]app.go:24 auth/internal/app.Run() Initializing httprouter...                   
[36mINFO[0m[2022-05-16T13:55:08+03:00]app.go:28 auth/internal/app.Run() Initializing server...                       
[36mINFO[0m[2022-05-16T13:55:08+03:00]server.go:23 auth/internal/app.(*Server).Start() Server starts at 0.0.0.0:1111                
[36mINFO[0m[2022-05-16T13:56:47+03:00]app.go:13 auth/internal/app.Run() Initializing config...                       
[36mINFO[0m[2022-05-16T13:56:47+03:00]app.go:20 auth/internal/app.Run() Initializing postgres composites...          
[36mINFO[0m[2022-05-16T13:56:47+03:00]app.go:24 auth/internal/app.Run() Initializing httprouter...                   
[36mINFO[0m[2022-05-16T13:56:47+03:00]app.go:28 auth/internal/app.Run() Initializing server...                       
[36mINFO[0m[2022-05-16T13:56:47+03:00]server.go:23 auth/internal/app.(*Server).Start() Server starts at 0.0.0.0:1111                
[31mERRO[0m[2022-05-16T13:57:13+03:00]token.go:113 auth/pkg/jwt.VerifyToken() error occured while verify token. err: %!w(*jwt.ValidationError=&{<nil> 1 token contains an invalid number of segments}) 
[31mERRO[0m[2022-05-16T13:57:13+03:00]token.go:138 auth/pkg/jwt.ExtractTokenMetadata() you are unauthorized. err: %!w(*jwt.ValidationError=&{<nil> 1 token contains an invalid number of segments}) 
[31mERRO[0m[2022-05-16T13:57:22+03:00]token.go:113 auth/pkg/jwt.VerifyToken() error occured while verify token. err: %!w(*jwt.ValidationError=&{<nil> 1 token contains an invalid number of segments}) 
[31mERRO[0m[2022-05-16T13:57:22+03:00]token.go:138 auth/pkg/jwt.ExtractTokenMetadata() you are unauthorized. err: %!w(*jwt.ValidationError=&{<nil> 1 token contains an invalid number of segments}) 
[36mINFO[0m[2022-05-16T13:58:33+03:00]app.go:13 auth/internal/app.Run() Initializing config...                       
[36mINFO[0m[2022-05-16T13:58:33+03:00]app.go:20 auth/internal/app.Run() Initializing postgres composites...          
[36mINFO[0m[2022-05-16T13:58:33+03:00]app.go:24 auth/internal/app.Run() Initializing httprouter...                   
[36mINFO[0m[2022-05-16T13:58:33+03:00]app.go:28 auth/internal/app.Run() Initializing server...                       
[36mINFO[0m[2022-05-16T13:58:33+03:00]server.go:23 auth/internal/app.(*Server).Start() Server starts at 0.0.0.0:1111                
[36mINFO[0m[2022-05-16T14:13:34+03:00]app.go:13 auth/internal/app.Run() Initializing config...                       
[36mINFO[0m[2022-05-16T14:13:34+03:00]app.go:20 auth/internal/app.Run() Initializing postgres composites...          
[36mINFO[0m[2022-05-16T14:13:34+03:00]app.go:24 auth/internal/app.Run() Initializing httprouter...                   
[36mINFO[0m[2022-05-16T14:13:34+03:00]app.go:28 auth/internal/app.Run() Initializing server...                       
[36mINFO[0m[2022-05-16T14:13:34+03:00]server.go:23 auth/internal/app.(*Server).Start() Server starts at 0.0.0.0:1111                
[36mINFO[0m[2022-05-16T14:14:46+03:00]app.go:13 auth/internal/app.Run() Initializing config...                       
[36mINFO[0m[2022-05-16T14:14:46+03:00]app.go:20 auth/internal/app.Run() Initializing postgres composites...          
[36mINFO[0m[2022-05-16T14:14:46+03:00]app.go:24 auth/internal/app.Run() Initializing httprouter...                   
[36mINFO[0m[2022-05-16T14:14:46+03:00]app.go:28 auth/internal/app.Run() Initializing server...                       
[36mINFO[0m[2022-05-16T14:14:46+03:00]server.go:23 auth/internal/app.(*Server).Start() Server starts at 0.0.0.0:1111                
[36mINFO[0m[2022-05-16T14:19:06+03:00]app.go:13 auth/internal/app.Run() Initializing config...                       
[36mINFO[0m[2022-05-16T14:19:06+03:00]app.go:20 auth/internal/app.Run() Initializing postgres composites...          
[36mINFO[0m[2022-05-16T14:19:06+03:00]app.go:24 auth/internal/app.Run() Initializing httprouter...                   
[36mINFO[0m[2022-05-16T14:19:06+03:00]app.go:28 auth/internal/app.Run() Initializing server...                       
[36mINFO[0m[2022-05-16T14:19:06+03:00]server.go:23 auth/internal/app.(*Server).Start() Server starts at 0.0.0.0:1111                
[31mERRO[0m[2022-05-16T14:19:26+03:00]token.go:113 auth/pkg/jwt.VerifyToken() error occured while verify token. err: %!w(*jwt.ValidationError=&{<nil> 1 token contains an invalid number of segments}) 
[31mERRO[0m[2022-05-16T14:19:26+03:00]token.go:137 auth/pkg/jwt.ExtractTokenMetadata() you are unauthorized. err: %!w(*jwt.ValidationError=&{<nil> 1 token contains an invalid number of segments}) 
[36mINFO[0m[2022-05-16T14:20:43+03:00]app.go:13 auth/internal/app.Run() Initializing config...                       
[36mINFO[0m[2022-05-16T14:20:43+03:00]app.go:20 auth/internal/app.Run() Initializing postgres composites...          
[36mINFO[0m[2022-05-16T14:20:43+03:00]app.go:24 auth/internal/app.Run() Initializing httprouter...                   
[36mINFO[0m[2022-05-16T14:20:43+03:00]app.go:28 auth/internal/app.Run() Initializing server...                       
[36mINFO[0m[2022-05-16T14:20:43+03:00]server.go:23 auth/internal/app.(*Server).Start() Server starts at 0.0.0.0:1111                
[36mINFO[0m[2022-05-16T14:22:50+03:00]app.go:13 auth/internal/app.Run() Initializing config...                       
[36mINFO[0m[2022-05-16T14:22:50+03:00]app.go:20 auth/internal/app.Run() Initializing postgres composites...          
[36mINFO[0m[2022-05-16T14:22:50+03:00]app.go:24 auth/internal/app.Run() Initializing httprouter...                   
[36mINFO[0m[2022-05-16T14:22:50+03:00]app.go:28 auth/internal/app.Run() Initializing server...                       
[36mINFO[0m[2022-05-16T14:22:50+03:00]server.go:23 auth/internal/app.(*Server).Start() Server starts at 0.0.0.0:1111                
[36mINFO[0m[2022-05-16T14:28:38+03:00]app.go:13 auth/internal/app.Run() Initializing config...                       
[36mINFO[0m[2022-05-16T14:28:38+03:00]app.go:20 auth/internal/app.Run() Initializing postgres composites...          
[36mINFO[0m[2022-05-16T14:28:38+03:00]app.go:24 auth/internal/app.Run() Initializing httprouter...                   
[36mINFO[0m[2022-05-16T14:28:38+03:00]app.go:28 auth/internal/app.Run() Initializing server...                       
[36mINFO[0m[2022-05-16T14:28:38+03:00]server.go:23 auth/internal/app.(*Server).Start() Server starts at 0.0.0.0:1111                
[36mINFO[0m[2022-05-16T14:29:03+03:00]app.go:13 auth/internal/app.Run() Initializing config...                       
[36mINFO[0m[2022-05-16T14:29:03+03:00]app.go:20 auth/internal/app.Run() Initializing postgres composites...          
[36mINFO[0m[2022-05-16T14:29:03+03:00]app.go:24 auth/internal/app.Run() Initializing httprouter...                   
[36mINFO[0m[2022-05-16T14:29:03+03:00]app.go:28 auth/internal/app.Run() Initializing server...                       
[36mINFO[0m[2022-05-16T14:29:03+03:00]server.go:23 auth/internal/app.(*Server).Start() Server starts at 0.0.0.0:1111                
[31mERRO[0m[2022-05-16T14:29:27+03:00]token.go:113 auth/pkg/jwt.VerifyToken() error occured while verify token. err: %!w(*jwt.ValidationError=&{0xc0002240c0 1 }) 
[31mERRO[0m[2022-05-16T14:29:27+03:00]token.go:137 auth/pkg/jwt.ExtractTokenMetadata() you are unauthorized. err: %!w(*jwt.ValidationError=&{0xc0002240c0 1 }) 
[36mINFO[0m[2022-05-16T14:30:40+03:00]app.go:13 auth/internal/app.Run() Initializing config...                       
[36mINFO[0m[2022-05-16T14:30:40+03:00]app.go:20 auth/internal/app.Run() Initializing postgres composites...          
[36mINFO[0m[2022-05-16T14:30:40+03:00]app.go:24 auth/internal/app.Run() Initializing httprouter...                   
[36mINFO[0m[2022-05-16T14:30:40+03:00]app.go:28 auth/internal/app.Run() Initializing server...                       
[36mINFO[0m[2022-05-16T14:30:40+03:00]server.go:23 auth/internal/app.(*Server).Start() Server starts at 0.0.0.0:1111                
[31mERRO[0m[2022-05-16T14:30:49+03:00]token.go:113 auth/pkg/jwt.VerifyToken() error occured while verify token. err: %!w(*jwt.ValidationError=&{0xc000116420 1 }) 
[31mERRO[0m[2022-05-16T14:30:49+03:00]token.go:137 auth/pkg/jwt.ExtractTokenMetadata() you are unauthorized. err: %!w(*jwt.ValidationError=&{0xc000116420 1 }) 
[31mERRO[0m[2022-05-16T14:44:16+03:00]token.go:113 auth/pkg/jwt.VerifyToken() error occured while verify token. err: %!w(*jwt.ValidationError=&{<nil> 1 token contains an invalid number of segments}) 
[31mERRO[0m[2022-05-16T14:44:16+03:00]token.go:137 auth/pkg/jwt.ExtractTokenMetadata() you are unauthorized. err: %!w(*jwt.ValidationError=&{<nil> 1 token contains an invalid number of segments}) 
[36mINFO[0m[2022-05-16T15:22:30+03:00]app.go:13 auth/internal/app.Run() Initializing config...                       
[36mINFO[0m[2022-05-16T15:22:30+03:00]app.go:20 auth/internal/app.Run() Initializing postgres composites...          
[36mINFO[0m[2022-05-16T15:22:30+03:00]app.go:24 auth/internal/app.Run() Initializing httprouter...                   
[36mINFO[0m[2022-05-16T15:22:30+03:00]app.go:28 auth/internal/app.Run() Initializing server...                       
[36mINFO[0m[2022-05-16T15:22:30+03:00]server.go:23 auth/internal/app.(*Server).Start() Server starts at 0.0.0.0:1111                
[31mERRO[0m[2022-05-16T15:22:54+03:00]token.go:113 auth/pkg/jwt.VerifyToken() error occured while verify token. err: %!w(*jwt.ValidationError=&{<nil> 1 token contains an invalid number of segments}) 
[31mERRO[0m[2022-05-16T15:22:54+03:00]token.go:137 auth/pkg/jwt.ExtractTokenMetadata() you are unauthorized. err: %!w(*jwt.ValidationError=&{<nil> 1 token contains an invalid number of segments}) 
[31mERRO[0m[2022-05-16T15:23:18+03:00]token.go:113 auth/pkg/jwt.VerifyToken() error occured while verify token. err: %!w(*jwt.ValidationError=&{<nil> 1 token contains an invalid number of segments}) 
[31mERRO[0m[2022-05-16T15:23:18+03:00]token.go:137 auth/pkg/jwt.ExtractTokenMetadata() you are unauthorized. err: %!w(*jwt.ValidationError=&{<nil> 1 token contains an invalid number of segments}) 
[36mINFO[0m[2022-05-16T15:24:13+03:00]app.go:13 auth/internal/app.Run() Initializing config...                       
[36mINFO[0m[2022-05-16T15:24:13+03:00]app.go:20 auth/internal/app.Run() Initializing postgres composites...          
[36mINFO[0m[2022-05-16T15:24:13+03:00]app.go:24 auth/internal/app.Run() Initializing httprouter...                   
[36mINFO[0m[2022-05-16T15:24:13+03:00]app.go:28 auth/internal/app.Run() Initializing server...                       
[36mINFO[0m[2022-05-16T15:24:13+03:00]server.go:23 auth/internal/app.(*Server).Start() Server starts at 0.0.0.0:1111                
[36mINFO[0m[2022-05-16T15:29:18+03:00]app.go:13 auth/internal/app.Run() Initializing config...                       
[36mINFO[0m[2022-05-16T15:29:18+03:00]app.go:20 auth/internal/app.Run() Initializing postgres composites...          
[36mINFO[0m[2022-05-16T15:29:18+03:00]app.go:24 auth/internal/app.Run() Initializing httprouter...                   
[36mINFO[0m[2022-05-16T15:29:18+03:00]app.go:28 auth/internal/app.Run() Initializing server...                       
[36mINFO[0m[2022-05-16T15:29:18+03:00]server.go:23 auth/internal/app.(*Server).Start() Server starts at 0.0.0.0:1111                
[36mINFO[0m[2022-05-16T15:30:22+03:00]app.go:13 auth/internal/app.Run() Initializing config...                       
[36mINFO[0m[2022-05-16T15:30:22+03:00]app.go:20 auth/internal/app.Run() Initializing postgres composites...          
[36mINFO[0m[2022-05-16T15:30:22+03:00]app.go:24 auth/internal/app.Run() Initializing httprouter...                   
[36mINFO[0m[2022-05-16T15:30:22+03:00]app.go:28 auth/internal/app.Run() Initializing server...                       
[36mINFO[0m[2022-05-16T15:30:22+03:00]server.go:23 auth/internal/app.(*Server).Start() Server starts at 0.0.0.0:1111                
[36mINFO[0m[2022-05-16T15:31:17+03:00]app.go:13 auth/internal/app.Run() Initializing config...                       
[36mINFO[0m[2022-05-16T15:31:17+03:00]app.go:20 auth/internal/app.Run() Initializing postgres composites...          
[36mINFO[0m[2022-05-16T15:31:17+03:00]app.go:24 auth/internal/app.Run() Initializing httprouter...                   
[36mINFO[0m[2022-05-16T15:31:17+03:00]app.go:28 auth/internal/app.Run() Initializing server...                       
[36mINFO[0m[2022-05-16T15:31:17+03:00]server.go:23 auth/internal/app.(*Server).Start() Server starts at 0.0.0.0:1111                
[36mINFO[0m[2022-05-16T17:06:29+03:00]app.go:13 auth/internal/app.Run() Initializing config...                       
[36mINFO[0m[2022-05-16T17:06:29+03:00]app.go:20 auth/internal/app.Run() Initializing postgres composites...          
[36mINFO[0m[2022-05-16T17:06:29+03:00]app.go:24 auth/internal/app.Run() Initializing httprouter...                   
[36mINFO[0m[2022-05-16T17:06:29+03:00]app.go:28 auth/internal/app.Run() Initializing server...                       
[36mINFO[0m[2022-05-16T17:06:29+03:00]server.go:23 auth/internal/app.(*Server).Start() Server starts at 0.0.0.0:1111                
[31mERRO[0m[2022-05-16T17:06:43+03:00]token.go:113 auth/pkg/jwt.VerifyToken() error occured while verify token. err: %!w(*jwt.ValidationError=&{0xc00003add0 4 }) 
[31mERRO[0m[2022-05-16T17:06:43+03:00]token.go:137 auth/pkg/jwt.ExtractTokenMetadata() you are unauthorized. err: %!w(*jwt.ValidationError=&{0xc00003add0 4 }) 
[31mERRO[0m[2022-05-16T17:06:43+03:00]authHandler.go:109 auth/internal/handlers/http.(*authHandler).GetUser() you are unauthorized                         
